<?xml version="1.0" encoding="UTF-8"?>
<!-- Generated by org.testng.reporters.JUnitReportReporter -->
<testsuite skipped="0" hostname="isubrama" name="com.training.sanity.tests.DeleteOrder" tests="2" failures="0" timestamp="28 Aug 2019 06:26:20 GMT" time="7.968" errors="0">
  <testcase name="validLoginTest" time="3.471" classname="com.training.sanity.tests.DeleteOrder"/>
  <testcase name="validateDeleteOrder" time="4.497" classname="com.training.sanity.tests.DeleteOrder"/>
</testsuite> <!-- com.training.sanity.tests.DeleteOrder -->
