<?xml version="1.0" encoding="UTF-8"?>
<!-- Generated by org.testng.reporters.JUnitReportReporter -->
<testsuite skipped="0" hostname="isubrama" name="com.training.sanity.tests.FilterOrder" tests="2" failures="0" timestamp="28 Aug 2019 05:36:07 GMT" time="9.562" errors="0">
  <testcase name="validLoginTest" time="3.153" classname="com.training.sanity.tests.FilterOrder"/>
  <testcase name="validateFilterOrder" time="6.409" classname="com.training.sanity.tests.FilterOrder"/>
</testsuite> <!-- com.training.sanity.tests.FilterOrder -->
